Flow report for FPGA_hardware_Accelerator_for_Pi
Sun Mar 16 18:42:36 2025
Quartus Prime Version 20.1.1 Build 720 11/11/2020 SJ Lite Edition


---------------------
; Table of Contents ;
---------------------
  1. Legal Notice
  2. Flow Summary
  3. Flow Settings
  4. Flow Non-Default Global Settings
  5. Flow Elapsed Time
  6. Flow OS Summary
  7. Flow Log
  8. Flow Messages
  9. Flow Suppressed Messages



----------------
; Legal Notice ;
----------------
Copyright (C) 2020  Intel Corporation. All rights reserved.
Your use of Intel Corporation's design tools, logic functions 
and other software and tools, and any partner logic 
functions, and any output files from any of the foregoing 
(including device programming or simulation files), and any 
associated documentation or information are expressly subject 
to the terms and conditions of the Intel Program License 
Subscription Agreement, the Intel Quartus Prime License Agreement,
the Intel FPGA IP License Agreement, or other applicable license
agreement, including, without limitation, that your use is for
the sole purpose of programming logic devices manufactured by
Intel and sold by Intel or its authorized distributors.  Please
refer to the applicable agreement for further details, at
https://fpgasoftware.intel.com/eula.



+----------------------------------------------------------------------------------+
; Flow Summary                                                                     ;
+------------------------------------+---------------------------------------------+
; Flow Status                        ; Successful - Sun Mar 16 18:42:33 2025       ;
; Quartus Prime Version              ; 20.1.1 Build 720 11/11/2020 SJ Lite Edition ;
; Revision Name                      ; FPGA_hardware_Accelerator_for_Pi            ;
; Top-level Entity Name              ; uart_edge_detection                         ;
; Family                             ; MAX 10                                      ;
; Device                             ; 10M50DAF484C7G                              ;
; Timing Models                      ; Final                                       ;
; Total logic elements               ; 716 / 49,760 ( 1 % )                        ;
;     Total combinational functions  ; 711 / 49,760 ( 1 % )                        ;
;     Dedicated logic registers      ; 176 / 49,760 ( < 1 % )                      ;
; Total registers                    ; 176                                         ;
; Total pins                         ; 7 / 360 ( 2 % )                             ;
; Total virtual pins                 ; 0                                           ;
; Total memory bits                  ; 0 / 1,677,312 ( 0 % )                       ;
; Embedded Multiplier 9-bit elements ; 0 / 288 ( 0 % )                             ;
; Total PLLs                         ; 0 / 4 ( 0 % )                               ;
; UFM blocks                         ; 0 / 1 ( 0 % )                               ;
; ADC blocks                         ; 0 / 2 ( 0 % )                               ;
+------------------------------------+---------------------------------------------+


+------------------------------------------------------+
; Flow Settings                                        ;
+-------------------+----------------------------------+
; Option            ; Setting                          ;
+-------------------+----------------------------------+
; Start date & time ; 03/16/2025 18:42:13              ;
; Main task         ; Compilation                      ;
; Revision Name     ; FPGA_hardware_Accelerator_for_Pi ;
+-------------------+----------------------------------+


+----------------------------------------------------------------------------------------------------------------------------------------------------+
; Flow Non-Default Global Settings                                                                                                                   ;
+-------------------------------------+----------------------------------------+----------------------------------+---------------------+------------+
; Assignment Name                     ; Value                                  ; Default Value                    ; Entity Name         ; Section Id ;
+-------------------------------------+----------------------------------------+----------------------------------+---------------------+------------+
; COMPILER_SIGNATURE_ID               ; 4931005754202.174213073318312          ; --                               ; --                  ; --         ;
; MAX_CORE_JUNCTION_TEMP              ; 85                                     ; --                               ; --                  ; --         ;
; MIN_CORE_JUNCTION_TEMP              ; 0                                      ; --                               ; --                  ; --         ;
; PARTITION_COLOR                     ; -- (Not supported for targeted family) ; --                               ; uart_edge_detection ; Top        ;
; PARTITION_FITTER_PRESERVATION_LEVEL ; -- (Not supported for targeted family) ; --                               ; uart_edge_detection ; Top        ;
; PARTITION_NETLIST_TYPE              ; -- (Not supported for targeted family) ; --                               ; uart_edge_detection ; Top        ;
; PROJECT_OUTPUT_DIRECTORY            ; output_files                           ; --                               ; --                  ; --         ;
; TOP_LEVEL_ENTITY                    ; uart_edge_detection                    ; FPGA_hardware_Accelerator_for_Pi ; --                  ; --         ;
+-------------------------------------+----------------------------------------+----------------------------------+---------------------+------------+


+--------------------------------------------------------------------------------------------------------------------------+
; Flow Elapsed Time                                                                                                        ;
+----------------------+--------------+-------------------------+---------------------+------------------------------------+
; Module Name          ; Elapsed Time ; Average Processors Used ; Peak Virtual Memory ; Total CPU Time (on all processors) ;
+----------------------+--------------+-------------------------+---------------------+------------------------------------+
; Analysis & Synthesis ; 00:00:07     ; 1.0                     ; 4829 MB             ; 00:00:14                           ;
; Fitter               ; 00:00:09     ; 1.2                     ; 6228 MB             ; 00:00:17                           ;
; Assembler            ; 00:00:02     ; 1.0                     ; 4694 MB             ; 00:00:02                           ;
; Timing Analyzer      ; 00:00:02     ; 1.3                     ; 4922 MB             ; 00:00:03                           ;
; Total                ; 00:00:20     ; --                      ; --                  ; 00:00:36                           ;
+----------------------+--------------+-------------------------+---------------------+------------------------------------+


+------------------------------------------------------------------------------------+
; Flow OS Summary                                                                    ;
+----------------------+------------------+------------+------------+----------------+
; Module Name          ; Machine Hostname ; OS Name    ; OS Version ; Processor type ;
+----------------------+------------------+------------+------------+----------------+
; Analysis & Synthesis ; DESKTOP-3OA04TB  ; Windows 10 ; 10.0       ; x86_64         ;
; Fitter               ; DESKTOP-3OA04TB  ; Windows 10 ; 10.0       ; x86_64         ;
; Assembler            ; DESKTOP-3OA04TB  ; Windows 10 ; 10.0       ; x86_64         ;
; Timing Analyzer      ; DESKTOP-3OA04TB  ; Windows 10 ; 10.0       ; x86_64         ;
+----------------------+------------------+------------+------------+----------------+


------------
; Flow Log ;
------------
quartus_map --read_settings_files=on --write_settings_files=off FPGA_hardware_Accelerator_for_Pi -c FPGA_hardware_Accelerator_for_Pi
quartus_fit --read_settings_files=off --write_settings_files=off FPGA_hardware_Accelerator_for_Pi -c FPGA_hardware_Accelerator_for_Pi
quartus_asm --read_settings_files=off --write_settings_files=off FPGA_hardware_Accelerator_for_Pi -c FPGA_hardware_Accelerator_for_Pi
quartus_sta FPGA_hardware_Accelerator_for_Pi -c FPGA_hardware_Accelerator_for_Pi



